<?xml version="1.0" encoding="UTF-8"?>
<coverage generated="1780824283065" clover="3.2.0">
  <project timestamp="1780824283065" name="All files">
    <metrics statements="162" coveredstatements="161" conditionals="98" coveredconditionals="88" methods="50" coveredmethods="38" elements="310" coveredelements="287" complexity="0" loc="162" ncloc="162" packages="5" files="11" classes="11"/>
    <package name="src">
      <metrics statements="10" coveredstatements="10" conditionals="0" coveredconditionals="0" methods="12" coveredmethods="0"/>
      <file name="index.ts" path="/home/kiryl/workspace/claude/code/xplatform/iptv-player/packages/core/src/index.ts">
        <metrics statements="10" coveredstatements="10" conditionals="0" coveredconditionals="0" methods="12" coveredmethods="0"/>
        <line num="3" count="1" type="stmt"/>
        <line num="6" count="1" type="stmt"/>
        <line num="9" count="1" type="stmt"/>
        <line num="13" count="1" type="stmt"/>
        <line num="15" count="1" type="stmt"/>
        <line num="17" count="1" type="stmt"/>
        <line num="20" count="1" type="stmt"/>
        <line num="33" count="1" type="stmt"/>
        <line num="36" count="1" type="stmt"/>
        <line num="40" count="1" type="stmt"/>
      </file>
    </package>
    <package name="src.epg">
      <metrics statements="71" coveredstatements="71" conditionals="27" coveredconditionals="22" methods="19" coveredmethods="19"/>
      <file name="cache.ts" path="/home/kiryl/workspace/claude/code/xplatform/iptv-player/packages/core/src/epg/cache.ts">
        <metrics statements="6" coveredstatements="6" conditionals="1" coveredconditionals="1" methods="4" coveredmethods="4"/>
        <line num="17" count="2" type="cond" truecount="1" falsecount="0"/>
        <line num="18" count="6" type="stmt"/>
        <line num="21" count="12" type="stmt"/>
        <line num="31" count="2" type="stmt"/>
        <line num="32" count="8" type="stmt"/>
        <line num="39" count="4" type="stmt"/>
      </file>
      <file name="favouriteMatcher.ts" path="/home/kiryl/workspace/claude/code/xplatform/iptv-player/packages/core/src/epg/favouriteMatcher.ts">
        <metrics statements="21" coveredstatements="21" conditionals="6" coveredconditionals="5" methods="3" coveredmethods="3"/>
        <line num="10" count="2" type="stmt"/>
        <line num="15" count="12" type="stmt"/>
        <line num="18" count="42" type="stmt"/>
        <line num="21" count="12" type="stmt"/>
        <line num="22" count="12" type="stmt"/>
        <line num="23" count="42" type="stmt"/>
        <line num="24" count="42" type="cond" truecount="1" falsecount="0"/>
        <line num="25" count="41" type="stmt"/>
        <line num="29" count="12" type="stmt"/>
        <line num="30" count="13" type="stmt"/>
        <line num="33" count="13" type="cond" truecount="1" falsecount="0"/>
        <line num="34" count="7" type="stmt"/>
        <line num="35" count="7" type="stmt"/>
        <line num="39" count="6" type="cond" truecount="1" falsecount="1"/>
        <line num="40" count="6" type="cond" truecount="1" falsecount="0"/>
        <line num="41" count="6" type="stmt"/>
        <line num="42" count="6" type="stmt"/>
        <line num="43" count="6" type="cond" truecount="1" falsecount="0"/>
        <line num="44" count="4" type="stmt"/>
        <line num="49" count="12" type="stmt"/>
        <line num="53" count="48" type="stmt"/>
      </file>
      <file name="mapper.ts" path="/home/kiryl/workspace/claude/code/xplatform/iptv-player/packages/core/src/epg/mapper.ts">
        <metrics statements="35" coveredstatements="35" conditionals="15" coveredconditionals="11" methods="6" coveredmethods="6"/>
        <line num="13" count="35" type="stmt"/>
        <line num="18" count="7" type="cond" truecount="0" falsecount="1"/>
        <line num="19" count="7" type="cond" truecount="0" falsecount="1"/>
        <line num="20" count="7" type="cond" truecount="0" falsecount="1"/>
        <line num="22" count="88" type="stmt"/>
        <line num="24" count="7" type="stmt"/>
        <line num="25" count="113" type="stmt"/>
        <line num="26" count="113" type="stmt"/>
        <line num="28" count="1311" type="cond" truecount="2" falsecount="0"/>
        <line num="31" count="1311" type="stmt"/>
        <line num="32" count="1311" type="stmt"/>
        <line num="34" count="113" type="stmt"/>
        <line num="37" count="7" type="stmt"/>
        <line num="46" count="2" type="stmt"/>
        <line num="50" count="12" type="stmt"/>
        <line num="51" count="12" type="cond" truecount="1" falsecount="0"/>
        <line num="53" count="26" type="stmt"/>
        <line num="54" count="26" type="stmt"/>
        <line num="56" count="11" type="stmt"/>
        <line num="58" count="10" type="cond" truecount="3" falsecount="0"/>
        <line num="59" count="1" type="stmt"/>
        <line num="60" count="1" type="stmt"/>
        <line num="64" count="9" type="stmt"/>
        <line num="65" count="9" type="stmt"/>
        <line num="66" count="9" type="cond" truecount="1" falsecount="0"/>
        <line num="67" count="6" type="stmt"/>
        <line num="68" count="6" type="stmt"/>
        <line num="72" count="3" type="stmt"/>
        <line num="73" count="3" type="stmt"/>
        <line num="74" count="7" type="stmt"/>
        <line num="75" count="7" type="cond" truecount="3" falsecount="1"/>
        <line num="76" count="2" type="stmt"/>
        <line num="79" count="3" type="cond" truecount="1" falsecount="0"/>
        <line num="80" count="2" type="stmt"/>
        <line num="84" count="11" type="stmt"/>
      </file>
      <file name="types.ts" path="/home/kiryl/workspace/claude/code/xplatform/iptv-player/packages/core/src/epg/types.ts">
        <metrics statements="9" coveredstatements="9" conditionals="5" coveredconditionals="5" methods="6" coveredmethods="6"/>
        <line num="25" count="2" type="stmt"/>
        <line num="30" count="7" type="stmt"/>
        <line num="31" count="28" type="stmt"/>
        <line num="33" count="10" type="stmt"/>
        <line num="35" count="14" type="cond" truecount="2" falsecount="0"/>
        <line num="36" count="7" type="cond" truecount="2" falsecount="0"/>
        <line num="37" count="6" type="stmt"/>
        <line num="38" count="5" type="stmt"/>
        <line num="40" count="7" type="stmt"/>
      </file>
    </package>
    <package name="src.parsers">
      <metrics statements="67" coveredstatements="66" conditionals="55" coveredconditionals="50" methods="16" coveredmethods="16"/>
      <file name="m3u.ts" path="/home/kiryl/workspace/claude/code/xplatform/iptv-player/packages/core/src/parsers/m3u.ts">
        <metrics statements="22" coveredstatements="22" conditionals="18" coveredconditionals="18" methods="1" coveredmethods="1"/>
        <line num="10" count="2" type="stmt"/>
        <line num="11" count="9" type="stmt"/>
        <line num="12" count="9" type="stmt"/>
        <line num="13" count="9" type="stmt"/>
        <line num="15" count="9" type="stmt"/>
        <line num="16" count="29" type="stmt"/>
        <line num="17" count="29" type="cond" truecount="3" falsecount="0"/>
        <line num="19" count="18" type="cond" truecount="1" falsecount="0"/>
        <line num="20" count="8" type="stmt"/>
        <line num="21" count="8" type="cond" truecount="2" falsecount="0"/>
        <line num="22" count="8" type="cond" truecount="2" falsecount="0"/>
        <line num="24" count="8" type="stmt"/>
        <line num="25" count="8" type="stmt"/>
        <line num="27" count="8" type="stmt"/>
        <line num="28" count="6" type="stmt"/>
        <line num="31" count="8" type="stmt"/>
        <line num="38" count="8" type="stmt"/>
        <line num="41" count="10" type="cond" truecount="1" falsecount="0"/>
        <line num="43" count="8" type="cond" truecount="1" falsecount="0"/>
        <line num="44" count="8" type="stmt"/>
        <line num="45" count="8" type="stmt"/>
        <line num="49" count="9" type="stmt"/>
      </file>
      <file name="xmltv.ts" path="/home/kiryl/workspace/claude/code/xplatform/iptv-player/packages/core/src/parsers/xmltv.ts">
        <metrics statements="31" coveredstatements="30" conditionals="31" coveredconditionals="26" methods="7" coveredmethods="7"/>
        <line num="1" count="2" type="stmt"/>
        <line num="23" count="39" type="stmt"/>
        <line num="24" count="39" type="cond" truecount="1" falsecount="0"/>
        <line num="25" count="36" type="stmt"/>
        <line num="26" count="36" type="stmt"/>
        <line num="28" count="3" type="stmt"/>
        <line num="29" count="3" type="cond" truecount="1" falsecount="0"/>
        <line num="30" count="2" type="stmt"/>
        <line num="31" count="2" type="stmt"/>
        <line num="33" count="1" type="stmt"/>
        <line num="37" count="48" type="cond" truecount="1" falsecount="0"/>
        <line num="38" count="2" type="cond" truecount="3" falsecount="0"/>
        <line num="39" count="1" type="cond" truecount="4" falsecount="0"/>
        <line num="40" count="1" type="cond" truecount="1" falsecount="1"/>
        <line num="42" count="0" type="stmt"/>
        <line num="46" count="42" type="cond" truecount="1" falsecount="0"/>
        <line num="47" count="28" type="cond" truecount="1" falsecount="1"/>
        <line num="71" count="2" type="stmt"/>
        <line num="72" count="15" type="stmt"/>
        <line num="78" count="208" type="stmt"/>
        <line num="84" count="15" type="stmt"/>
        <line num="85" count="15" type="cond" truecount="1" falsecount="1"/>
        <line num="87" count="15" type="cond" truecount="2" falsecount="0"/>
        <line num="88" count="21" type="stmt"/>
        <line num="89" count="21" type="stmt"/>
        <line num="90" count="21" type="cond" truecount="2" falsecount="0"/>
        <line num="93" count="21" type="stmt"/>
        <line num="100" count="15" type="cond" truecount="2" falsecount="0"/>
        <line num="101" count="20" type="cond" truecount="2" falsecount="0"/>
        <line num="102" count="20" type="stmt"/>
        <line num="111" count="14" type="stmt"/>
      </file>
      <file name="xtream.ts" path="/home/kiryl/workspace/claude/code/xplatform/iptv-player/packages/core/src/parsers/xtream.ts">
        <metrics statements="14" coveredstatements="14" conditionals="6" coveredconditionals="6" methods="8" coveredmethods="8"/>
        <line num="64" count="2" type="stmt"/>
        <line num="69" count="7" type="stmt"/>
        <line num="70" count="7" type="stmt"/>
        <line num="71" count="7" type="stmt"/>
        <line num="75" count="7" type="stmt"/>
        <line num="76" count="7" type="cond" truecount="1" falsecount="0"/>
        <line num="77" count="6" type="stmt"/>
        <line num="81" count="2" type="stmt"/>
        <line num="82" count="2" type="stmt"/>
        <line num="90" count="3" type="cond" truecount="2" falsecount="0"/>
        <line num="93" count="3" type="stmt"/>
        <line num="94" count="3" type="stmt"/>
        <line num="106" count="2" type="stmt"/>
        <line num="109" count="2" type="stmt"/>
      </file>
    </package>
    <package name="src.playback">
      <metrics statements="10" coveredstatements="10" conditionals="14" coveredconditionals="14" methods="2" coveredmethods="2"/>
      <file name="bufferProfile.ts" path="/home/kiryl/workspace/claude/code/xplatform/iptv-player/packages/core/src/playback/bufferProfile.ts">
        <metrics statements="8" coveredstatements="8" conditionals="13" coveredconditionals="13" methods="1" coveredmethods="1"/>
        <line num="45" count="3" type="stmt"/>
        <line num="66" count="3" type="stmt"/>
        <line num="70" count="15" type="cond" truecount="2" falsecount="0"/>
        <line num="71" count="15" type="cond" truecount="2" falsecount="0"/>
        <line num="73" count="15" type="cond" truecount="3" falsecount="0"/>
        <line num="76" count="5" type="cond" truecount="2" falsecount="0"/>
        <line num="78" count="4" type="cond" truecount="2" falsecount="0"/>
        <line num="80" count="6" type="cond" truecount="2" falsecount="0"/>
      </file>
      <file name="resilienceConfig.ts" path="/home/kiryl/workspace/claude/code/xplatform/iptv-player/packages/core/src/playback/resilienceConfig.ts">
        <metrics statements="2" coveredstatements="2" conditionals="1" coveredconditionals="1" methods="1" coveredmethods="1"/>
        <line num="17" count="2" type="cond" truecount="1" falsecount="0"/>
        <line num="18" count="10" type="stmt"/>
      </file>
    </package>
    <package name="src.settings">
      <metrics statements="4" coveredstatements="4" conditionals="2" coveredconditionals="2" methods="1" coveredmethods="1"/>
      <file name="appSettings.ts" path="/home/kiryl/workspace/claude/code/xplatform/iptv-player/packages/core/src/settings/appSettings.ts">
        <metrics statements="4" coveredstatements="4" conditionals="2" coveredconditionals="2" methods="1" coveredmethods="1"/>
        <line num="14" count="2" type="stmt"/>
        <line num="23" count="2" type="stmt"/>
        <line num="24" count="8" type="cond" truecount="2" falsecount="0"/>
        <line num="25" count="8" type="stmt"/>
      </file>
    </package>
  </project>
</coverage>
