{"/home/kiryl/workspace/claude/code/xplatform/iptv-player/packages/core/src/index.ts": {"path":"/home/kiryl/workspace/claude/code/xplatform/iptv-player/packages/core/src/index.ts","statementMap":{"0":{"start":{"line":3,"column":0},"end":{"line":3,"column":9}},"1":{"start":{"line":3,"column":9},"end":{"line":3,"column":41}},"2":{"start":{"line":6,"column":0},"end":{"line":6,"column":9}},"3":{"start":{"line":6,"column":9},"end":{"line":6,"column":45}},"4":{"start":{"line":9,"column":0},"end":{"line":9,"column":9}},"5":{"start":{"line":9,"column":9},"end":{"line":9,"column":48}},"6":{"start":{"line":13,"column":0},"end":{"line":13,"column":9}},"7":{"start":{"line":13,"column":9},"end":{"line":13,"column":41}},"8":{"start":{"line":15,"column":0},"end":{"line":15,"column":9}},"9":{"start":{"line":15,"column":9},"end":{"line":15,"column":47}},"10":{"start":{"line":17,"column":0},"end":{"line":17,"column":9}},"11":{"start":{"line":17,"column":9},"end":{"line":17,"column":60}},"12":{"start":{"line":20,"column":0},"end":{"line":20,"column":9}},"13":{"start":{"line":20,"column":9},"end":{"line":20,"column":23}},"14":{"start":{"line":20,"column":23},"end":{"line":20,"column":59}},"15":{"start":{"line":33,"column":0},"end":{"line":33,"column":9}},"16":{"start":{"line":33,"column":9},"end":{"line":33,"column":60}},"17":{"start":{"line":36,"column":0},"end":{"line":36,"column":9}},"18":{"start":{"line":36,"column":9},"end":{"line":36,"column":60}},"19":{"start":{"line":40,"column":0},"end":{"line":40,"column":9}},"20":{"start":{"line":40,"column":9},"end":{"line":40,"column":27}},"21":{"start":{"line":40,"column":27},"end":{"line":40,"column":73}}},"fnMap":{"0":{"name":"(anonymous_0)","decl":{"start":{"line":3,"column":9},"end":{"line":3,"column":17}},"loc":{"start":{"line":3,"column":9},"end":{"line":3,"column":41}}},"1":{"name":"(anonymous_1)","decl":{"start":{"line":6,"column":9},"end":{"line":6,"column":19}},"loc":{"start":{"line":6,"column":9},"end":{"line":6,"column":45}}},"2":{"name":"(anonymous_2)","decl":{"start":{"line":9,"column":9},"end":{"line":9,"column":21}},"loc":{"start":{"line":9,"column":9},"end":{"line":9,"column":48}}},"3":{"name":"(anonymous_3)","decl":{"start":{"line":13,"column":9},"end":{"line":13,"column":19}},"loc":{"start":{"line":13,"column":9},"end":{"line":13,"column":41}}},"4":{"name":"(anonymous_4)","decl":{"start":{"line":15,"column":9},"end":{"line":15,"column":24}},"loc":{"start":{"line":15,"column":9},"end":{"line":15,"column":47}}},"5":{"name":"(anonymous_5)","decl":{"start":{"line":17,"column":9},"end":{"line":17,"column":27}},"loc":{"start":{"line":17,"column":9},"end":{"line":17,"column":60}}},"6":{"name":"(anonymous_6)","decl":{"start":{"line":20,"column":9},"end":{"line":20,"column":21}},"loc":{"start":{"line":20,"column":9},"end":{"line":20,"column":23}}},"7":{"name":"(anonymous_7)","decl":{"start":{"line":20,"column":23},"end":{"line":20,"column":37}},"loc":{"start":{"line":20,"column":23},"end":{"line":20,"column":59}}},"8":{"name":"(anonymous_8)","decl":{"start":{"line":33,"column":9},"end":{"line":33,"column":25}},"loc":{"start":{"line":33,"column":9},"end":{"line":33,"column":60}}},"9":{"name":"(anonymous_9)","decl":{"start":{"line":36,"column":9},"end":{"line":36,"column":22}},"loc":{"start":{"line":36,"column":9},"end":{"line":36,"column":60}}},"10":{"name":"(anonymous_10)","decl":{"start":{"line":40,"column":9},"end":{"line":40,"column":25}},"loc":{"start":{"line":40,"column":9},"end":{"line":40,"column":27}}},"11":{"name":"(anonymous_11)","decl":{"start":{"line":40,"column":27},"end":{"line":40,"column":40}},"loc":{"start":{"line":40,"column":27},"end":{"line":40,"column":73}}}},"branchMap":{},"s":{"0":1,"1":1,"2":1,"3":1,"4":1,"5":1,"6":1,"7":1,"8":1,"9":1,"10":1,"11":1,"12":1,"13":1,"14":1,"15":1,"16":1,"17":1,"18":1,"19":1,"20":1,"21":1},"f":{"0":0,"1":0,"2":0,"3":0,"4":0,"5":0,"6":0,"7":0,"8":0,"9":0,"10":0,"11":0},"b":{}}
,"/home/kiryl/workspace/claude/code/xplatform/iptv-player/packages/core/src/epg/cache.ts": {"path":"/home/kiryl/workspace/claude/code/xplatform/iptv-player/packages/core/src/epg/cache.ts","statementMap":{"0":{"start":{"line":17,"column":0},"end":{"line":17,"column":16}},"1":{"start":{"line":31,"column":0},"end":{"line":31,"column":16}},"2":{"start":{"line":18,"column":2},"end":{"line":28,"column":4}},"3":{"start":{"line":21,"column":44},"end":{"line":27,"column":6}},"4":{"start":{"line":32,"column":37},"end":{"line":38,"column":5}},"5":{"start":{"line":32,"column":69},"end":{"line":38,"column":4}},"6":{"start":{"line":39,"column":2},"end":{"line":42,"column":4}}},"fnMap":{"0":{"name":"serializeEpg","decl":{"start":{"line":17,"column":16},"end":{"line":17,"column":28}},"loc":{"start":{"line":17,"column":66},"end":{"line":29,"column":1}}},"1":{"name":"(anonymous_1)","decl":{"start":{"line":21,"column":36},"end":{"line":21,"column":37}},"loc":{"start":{"line":21,"column":44},"end":{"line":27,"column":6}}},"2":{"name":"deserializeEpg","decl":{"start":{"line":31,"column":16},"end":{"line":31,"column":30}},"loc":{"start":{"line":31,"column":52},"end":{"line":43,"column":1}}},"3":{"name":"(anonymous_3)","decl":{"start":{"line":32,"column":61},"end":{"line":32,"column":62}},"loc":{"start":{"line":32,"column":69},"end":{"line":38,"column":4}}}},"branchMap":{"0":{"loc":{"start":{"line":17,"column":44},"end":{"line":17,"column":66}},"type":"default-arg","locations":[{"start":{"line":17,"column":56},"end":{"line":17,"column":66}}]}},"s":{"0":2,"1":2,"2":6,"3":12,"4":4,"5":8,"6":4},"f":{"0":6,"1":12,"2":4,"3":8},"b":{"0":[6]}}
,"/home/kiryl/workspace/claude/code/xplatform/iptv-player/packages/core/src/epg/favouriteMatcher.ts": {"path":"/home/kiryl/workspace/claude/code/xplatform/iptv-player/packages/core/src/epg/favouriteMatcher.ts","statementMap":{"0":{"start":{"line":10,"column":0},"end":{"line":10,"column":16}},"1":{"start":{"line":15,"column":18},"end":{"line":15,"column":35}},"2":{"start":{"line":18,"column":17},"end":{"line":18,"column":55}},"3":{"start":{"line":18,"column":47},"end":{"line":18,"column":53}},"4":{"start":{"line":21,"column":20},"end":{"line":21,"column":45}},"5":{"start":{"line":22,"column":2},"end":{"line":27,"column":3}},"6":{"start":{"line":23,"column":16},"end":{"line":23,"column":38}},"7":{"start":{"line":24,"column":4},"end":{"line":26,"column":5}},"8":{"start":{"line":25,"column":6},"end":{"line":25,"column":33}},"9":{"start":{"line":29,"column":2},"end":{"line":47,"column":3}},"10":{"start":{"line":29,"column":15},"end":{"line":29,"column":16}},"11":{"start":{"line":30,"column":19},"end":{"line":30,"column":35}},"12":{"start":{"line":33,"column":4},"end":{"line":36,"column":5}},"13":{"start":{"line":34,"column":6},"end":{"line":34,"column":26}},"14":{"start":{"line":35,"column":6},"end":{"line":35,"column":15}},"15":{"start":{"line":39,"column":20},"end":{"line":39,"column":43}},"16":{"start":{"line":40,"column":4},"end":{"line":46,"column":5}},"17":{"start":{"line":41,"column":18},"end":{"line":41,"column":40}},"18":{"start":{"line":42,"column":25},"end":{"line":42,"column":43}},"19":{"start":{"line":43,"column":6},"end":{"line":45,"column":7}},"20":{"start":{"line":44,"column":8},"end":{"line":44,"column":32}},"21":{"start":{"line":49,"column":2},"end":{"line":49,"column":17}},"22":{"start":{"line":53,"column":2},"end":{"line":53,"column":32}}},"fnMap":{"0":{"name":"matchFavouriteUrls","decl":{"start":{"line":10,"column":16},"end":{"line":10,"column":34}},"loc":{"start":{"line":13,"column":36},"end":{"line":50,"column":1}}},"1":{"name":"(anonymous_1)","decl":{"start":{"line":18,"column":41},"end":{"line":18,"column":43}},"loc":{"start":{"line":18,"column":47},"end":{"line":18,"column":53}}},"2":{"name":"normalizeName","decl":{"start":{"line":52,"column":9},"end":{"line":52,"column":22}},"loc":{"start":{"line":52,"column":32},"end":{"line":54,"column":1}}}},"branchMap":{"0":{"loc":{"start":{"line":24,"column":4},"end":{"line":26,"column":5}},"type":"if","locations":[{"start":{"line":24,"column":4},"end":{"line":26,"column":5}}]},"1":{"loc":{"start":{"line":33,"column":4},"end":{"line":36,"column":5}},"type":"if","locations":[{"start":{"line":33,"column":4},"end":{"line":36,"column":5}}]},"2":{"loc":{"start":{"line":39,"column":20},"end":{"line":39,"column":43}},"type":"binary-expr","locations":[{"start":{"line":39,"column":20},"end":{"line":39,"column":37}},{"start":{"line":39,"column":41},"end":{"line":39,"column":43}}]},"3":{"loc":{"start":{"line":40,"column":4},"end":{"line":46,"column":5}},"type":"if","locations":[{"start":{"line":40,"column":4},"end":{"line":46,"column":5}}]},"4":{"loc":{"start":{"line":43,"column":6},"end":{"line":45,"column":7}},"type":"if","locations":[{"start":{"line":43,"column":6},"end":{"line":45,"column":7}}]}},"s":{"0":2,"1":12,"2":12,"3":42,"4":12,"5":12,"6":42,"7":42,"8":41,"9":12,"10":12,"11":13,"12":13,"13":7,"14":7,"15":6,"16":6,"17":6,"18":6,"19":6,"20":4,"21":12,"22":48},"f":{"0":12,"1":42,"2":48},"b":{"0":[41],"1":[7],"2":[6,0],"3":[6],"4":[4]}}
,"/home/kiryl/workspace/claude/code/xplatform/iptv-player/packages/core/src/epg/mapper.ts": {"path":"/home/kiryl/workspace/claude/code/xplatform/iptv-player/packages/core/src/epg/mapper.ts","statementMap":{"0":{"start":{"line":46,"column":0},"end":{"line":46,"column":16}},"1":{"start":{"line":13,"column":2},"end":{"line":13,"column":81}},"2":{"start":{"line":18,"column":2},"end":{"line":18,"column":24}},"3":{"start":{"line":18,"column":15},"end":{"line":18,"column":24}},"4":{"start":{"line":19,"column":2},"end":{"line":19,"column":38}},"5":{"start":{"line":19,"column":22},"end":{"line":19,"column":38}},"6":{"start":{"line":20,"column":2},"end":{"line":20,"column":38}},"7":{"start":{"line":20,"column":22},"end":{"line":20,"column":38}},"8":{"start":{"line":22,"column":23},"end":{"line":22,"column":72}},"9":{"start":{"line":22,"column":70},"end":{"line":22,"column":71}},"10":{"start":{"line":24,"column":2},"end":{"line":35,"column":3}},"11":{"start":{"line":24,"column":15},"end":{"line":24,"column":16}},"12":{"start":{"line":25,"column":15},"end":{"line":25,"column":16}},"13":{"start":{"line":26,"column":4},"end":{"line":33,"column":5}},"14":{"start":{"line":26,"column":17},"end":{"line":26,"column":18}},"15":{"start":{"line":28,"column":8},"end":{"line":30,"column":48}},"16":{"start":{"line":31,"column":6},"end":{"line":31,"column":23}},"17":{"start":{"line":32,"column":6},"end":{"line":32,"column":17}},"18":{"start":{"line":34,"column":4},"end":{"line":34,"column":24}},"19":{"start":{"line":37,"column":2},"end":{"line":37,"column":22}},"20":{"start":{"line":50,"column":18},"end":{"line":50,"column":43}},"21":{"start":{"line":51,"column":2},"end":{"line":51,"column":47}},"22":{"start":{"line":51,"column":32},"end":{"line":51,"column":47}},"23":{"start":{"line":53,"column":18},"end":{"line":53,"column":60}},"24":{"start":{"line":53,"column":49},"end":{"line":53,"column":58}},"25":{"start":{"line":54,"column":20},"end":{"line":54,"column":89}},"26":{"start":{"line":54,"column":51},"end":{"line":54,"column":87}},"27":{"start":{"line":56,"column":2},"end":{"line":82,"column":3}},"28":{"start":{"line":58,"column":4},"end":{"line":61,"column":5}},"29":{"start":{"line":59,"column":6},"end":{"line":59,"column":36}},"30":{"start":{"line":60,"column":6},"end":{"line":60,"column":15}},"31":{"start":{"line":64,"column":17},"end":{"line":64,"column":39}},"32":{"start":{"line":65,"column":20},"end":{"line":65,"column":39}},"33":{"start":{"line":66,"column":4},"end":{"line":69,"column":5}},"34":{"start":{"line":67,"column":6},"end":{"line":67,"column":35}},"35":{"start":{"line":68,"column":6},"end":{"line":68,"column":15}},"36":{"start":{"line":72,"column":52},"end":{"line":72,"column":56}},"37":{"start":{"line":73,"column":4},"end":{"line":78,"column":5}},"38":{"start":{"line":74,"column":19},"end":{"line":74,"column":45}},"39":{"start":{"line":75,"column":6},"end":{"line":77,"column":7}},"40":{"start":{"line":76,"column":8},"end":{"line":76,"column":35}},"41":{"start":{"line":79,"column":4},"end":{"line":81,"column":5}},"42":{"start":{"line":80,"column":6},"end":{"line":80,"column":35}},"43":{"start":{"line":84,"column":2},"end":{"line":84,"column":17}}},"fnMap":{"0":{"name":"normalizeName","decl":{"start":{"line":12,"column":9},"end":{"line":12,"column":22}},"loc":{"start":{"line":12,"column":32},"end":{"line":14,"column":1}}},"1":{"name":"levenshtein","decl":{"start":{"line":17,"column":9},"end":{"line":17,"column":20}},"loc":{"start":{"line":17,"column":41},"end":{"line":38,"column":1}}},"2":{"name":"(anonymous_2)","decl":{"start":{"line":22,"column":60},"end":{"line":22,"column":61}},"loc":{"start":{"line":22,"column":70},"end":{"line":22,"column":71}}},"3":{"name":"buildEpgMapping","decl":{"start":{"line":46,"column":16},"end":{"line":46,"column":31}},"loc":{"start":{"line":48,"column":48},"end":{"line":85,"column":1}}},"4":{"name":"(anonymous_4)","decl":{"start":{"line":53,"column":42},"end":{"line":53,"column":43}},"loc":{"start":{"line":53,"column":49},"end":{"line":53,"column":58}}},"5":{"name":"(anonymous_5)","decl":{"start":{"line":54,"column":44},"end":{"line":54,"column":45}},"loc":{"start":{"line":54,"column":51},"end":{"line":54,"column":87}}}},"branchMap":{"0":{"loc":{"start":{"line":18,"column":2},"end":{"line":18,"column":24}},"type":"if","locations":[{"start":{"line":18,"column":2},"end":{"line":18,"column":24}}]},"1":{"loc":{"start":{"line":19,"column":2},"end":{"line":19,"column":38}},"type":"if","locations":[{"start":{"line":19,"column":2},"end":{"line":19,"column":38}}]},"2":{"loc":{"start":{"line":20,"column":2},"end":{"line":20,"column":38}},"type":"if","locations":[{"start":{"line":20,"column":2},"end":{"line":20,"column":38}}]},"3":{"loc":{"start":{"line":28,"column":8},"end":{"line":30,"column":48}},"type":"cond-expr","locations":[{"start":{"line":29,"column":12},"end":{"line":29,"column":21}},{"start":{"line":30,"column":12},"end":{"line":30,"column":48}}]},"4":{"loc":{"start":{"line":51,"column":2},"end":{"line":51,"column":47}},"type":"if","locations":[{"start":{"line":51,"column":2},"end":{"line":51,"column":47}}]},"5":{"loc":{"start":{"line":58,"column":4},"end":{"line":61,"column":5}},"type":"if","locations":[{"start":{"line":58,"column":4},"end":{"line":61,"column":5}}]},"6":{"loc":{"start":{"line":58,"column":8},"end":{"line":58,"column":41}},"type":"binary-expr","locations":[{"start":{"line":58,"column":8},"end":{"line":58,"column":16}},{"start":{"line":58,"column":20},"end":{"line":58,"column":41}}]},"7":{"loc":{"start":{"line":66,"column":4},"end":{"line":69,"column":5}},"type":"if","locations":[{"start":{"line":66,"column":4},"end":{"line":69,"column":5}}]},"8":{"loc":{"start":{"line":75,"column":6},"end":{"line":77,"column":7}},"type":"if","locations":[{"start":{"line":75,"column":6},"end":{"line":77,"column":7}}]},"9":{"loc":{"start":{"line":75,"column":10},"end":{"line":75,"column":58}},"type":"binary-expr","locations":[{"start":{"line":75,"column":10},"end":{"line":75,"column":19}},{"start":{"line":75,"column":24},"end":{"line":75,"column":37}},{"start":{"line":75,"column":41},"end":{"line":75,"column":57}}]},"10":{"loc":{"start":{"line":79,"column":4},"end":{"line":81,"column":5}},"type":"if","locations":[{"start":{"line":79,"column":4},"end":{"line":81,"column":5}}]}},"s":{"0":2,"1":35,"2":7,"3":0,"4":7,"5":0,"6":7,"7":0,"8":7,"9":88,"10":7,"11":7,"12":113,"13":113,"14":113,"15":1311,"16":1311,"17":1311,"18":113,"19":7,"20":12,"21":12,"22":1,"23":11,"24":26,"25":11,"26":26,"27":11,"28":10,"29":1,"30":1,"31":9,"32":9,"33":9,"34":6,"35":6,"36":3,"37":3,"38":7,"39":7,"40":2,"41":3,"42":2,"43":11},"f":{"0":35,"1":7,"2":88,"3":12,"4":26,"5":26},"b":{"0":[0],"1":[0],"2":[0],"3":[111,1200],"4":[1],"5":[1],"6":[10,2],"7":[6],"8":[2],"9":[7,2,0],"10":[2]}}
,"/home/kiryl/workspace/claude/code/xplatform/iptv-player/packages/core/src/epg/types.ts": {"path":"/home/kiryl/workspace/claude/code/xplatform/iptv-player/packages/core/src/epg/types.ts","statementMap":{"0":{"start":{"line":25,"column":0},"end":{"line":25,"column":16}},"1":{"start":{"line":30,"column":17},"end":{"line":33,"column":58}},"2":{"start":{"line":31,"column":19},"end":{"line":31,"column":44}},"3":{"start":{"line":33,"column":20},"end":{"line":33,"column":57}},"4":{"start":{"line":35,"column":18},"end":{"line":35,"column":68}},"5":{"start":{"line":35,"column":37},"end":{"line":35,"column":67}},"6":{"start":{"line":36,"column":19},"end":{"line":38,"column":39}},"7":{"start":{"line":37,"column":25},"end":{"line":37,"column":48}},"8":{"start":{"line":38,"column":25},"end":{"line":38,"column":38}},"9":{"start":{"line":40,"column":2},"end":{"line":40,"column":42}}},"fnMap":{"0":{"name":"getNowNext","decl":{"start":{"line":25,"column":16},"end":{"line":25,"column":26}},"loc":{"start":{"line":28,"column":18},"end":{"line":41,"column":1}}},"1":{"name":"(anonymous_1)","decl":{"start":{"line":31,"column":12},"end":{"line":31,"column":13}},"loc":{"start":{"line":31,"column":19},"end":{"line":31,"column":44}}},"2":{"name":"(anonymous_2)","decl":{"start":{"line":33,"column":10},"end":{"line":33,"column":11}},"loc":{"start":{"line":33,"column":20},"end":{"line":33,"column":57}}},"3":{"name":"(anonymous_3)","decl":{"start":{"line":35,"column":30},"end":{"line":35,"column":31}},"loc":{"start":{"line":35,"column":37},"end":{"line":35,"column":67}}},"4":{"name":"(anonymous_4)","decl":{"start":{"line":37,"column":18},"end":{"line":37,"column":19}},"loc":{"start":{"line":37,"column":25},"end":{"line":37,"column":48}}},"5":{"name":"(anonymous_5)","decl":{"start":{"line":38,"column":18},"end":{"line":38,"column":19}},"loc":{"start":{"line":38,"column":25},"end":{"line":38,"column":38}}}},"branchMap":{"0":{"loc":{"start":{"line":28,"column":2},"end":{"line":28,"column":18}},"type":"default-arg","locations":[{"start":{"line":28,"column":8},"end":{"line":28,"column":18}}]},"1":{"loc":{"start":{"line":35,"column":37},"end":{"line":35,"column":67}},"type":"binary-expr","locations":[{"start":{"line":35,"column":37},"end":{"line":35,"column":51}},{"start":{"line":35,"column":55},"end":{"line":35,"column":67}}]},"2":{"loc":{"start":{"line":36,"column":19},"end":{"line":38,"column":39}},"type":"cond-expr","locations":[{"start":{"line":37,"column":6},"end":{"line":37,"column":49}},{"start":{"line":38,"column":6},"end":{"line":38,"column":39}}]}},"s":{"0":2,"1":7,"2":28,"3":10,"4":7,"5":14,"6":7,"7":6,"8":5,"9":7},"f":{"0":7,"1":28,"2":10,"3":14,"4":6,"5":5},"b":{"0":[1],"1":[14,8],"2":[3,4]}}
,"/home/kiryl/workspace/claude/code/xplatform/iptv-player/packages/core/src/parsers/m3u.ts": {"path":"/home/kiryl/workspace/claude/code/xplatform/iptv-player/packages/core/src/parsers/m3u.ts","statementMap":{"0":{"start":{"line":10,"column":0},"end":{"line":10,"column":16}},"1":{"start":{"line":11,"column":33},"end":{"line":11,"column":35}},"2":{"start":{"line":12,"column":16},"end":{"line":12,"column":38}},"3":{"start":{"line":13,"column":48},"end":{"line":13,"column":52}},"4":{"start":{"line":15,"column":2},"end":{"line":47,"column":3}},"5":{"start":{"line":16,"column":20},"end":{"line":16,"column":31}},"6":{"start":{"line":17,"column":4},"end":{"line":17,"column":60}},"7":{"start":{"line":17,"column":51},"end":{"line":17,"column":60}},"8":{"start":{"line":19,"column":4},"end":{"line":39,"column":5}},"9":{"start":{"line":20,"column":23},"end":{"line":20,"column":43}},"10":{"start":{"line":21,"column":19},"end":{"line":21,"column":74}},"11":{"start":{"line":22,"column":22},"end":{"line":22,"column":74}},"12":{"start":{"line":24,"column":44},"end":{"line":24,"column":46}},"13":{"start":{"line":25,"column":17},"end":{"line":25,"column":36}},"14":{"start":{"line":27,"column":6},"end":{"line":29,"column":7}},"15":{"start":{"line":28,"column":8},"end":{"line":28,"column":27}},"16":{"start":{"line":31,"column":6},"end":{"line":37,"column":8}},"17":{"start":{"line":38,"column":6},"end":{"line":38,"column":15}},"18":{"start":{"line":41,"column":4},"end":{"line":41,"column":42}},"19":{"start":{"line":41,"column":33},"end":{"line":41,"column":42}},"20":{"start":{"line":43,"column":4},"end":{"line":46,"column":5}},"21":{"start":{"line":44,"column":6},"end":{"line":44,"column":50}},"22":{"start":{"line":45,"column":6},"end":{"line":45,"column":21}},"23":{"start":{"line":49,"column":2},"end":{"line":49,"column":18}}},"fnMap":{"0":{"name":"parseM3u","decl":{"start":{"line":10,"column":16},"end":{"line":10,"column":24}},"loc":{"start":{"line":10,"column":40},"end":{"line":50,"column":1}}}},"branchMap":{"0":{"loc":{"start":{"line":17,"column":4},"end":{"line":17,"column":60}},"type":"if","locations":[{"start":{"line":17,"column":4},"end":{"line":17,"column":60}}]},"1":{"loc":{"start":{"line":17,"column":8},"end":{"line":17,"column":49}},"type":"binary-expr","locations":[{"start":{"line":17,"column":8},"end":{"line":17,"column":16}},{"start":{"line":17,"column":20},"end":{"line":17,"column":49}}]},"2":{"loc":{"start":{"line":19,"column":4},"end":{"line":39,"column":5}},"type":"if","locations":[{"start":{"line":19,"column":4},"end":{"line":39,"column":5}}]},"3":{"loc":{"start":{"line":21,"column":19},"end":{"line":21,"column":74}},"type":"cond-expr","locations":[{"start":{"line":21,"column":35},"end":{"line":21,"column":69}},{"start":{"line":21,"column":72},"end":{"line":21,"column":74}}]},"4":{"loc":{"start":{"line":22,"column":22},"end":{"line":22,"column":74}},"type":"cond-expr","locations":[{"start":{"line":22,"column":38},"end":{"line":22,"column":64}},{"start":{"line":22,"column":67},"end":{"line":22,"column":74}}]},"5":{"loc":{"start":{"line":33,"column":15},"end":{"line":33,"column":43}},"type":"binary-expr","locations":[{"start":{"line":33,"column":15},"end":{"line":33,"column":30}},{"start":{"line":33,"column":34},"end":{"line":33,"column":43}}]},"6":{"loc":{"start":{"line":34,"column":17},"end":{"line":34,"column":47}},"type":"binary-expr","locations":[{"start":{"line":34,"column":17},"end":{"line":34,"column":34}},{"start":{"line":34,"column":38},"end":{"line":34,"column":47}}]},"7":{"loc":{"start":{"line":35,"column":17},"end":{"line":35,"column":47}},"type":"binary-expr","locations":[{"start":{"line":35,"column":17},"end":{"line":35,"column":34}},{"start":{"line":35,"column":38},"end":{"line":35,"column":47}}]},"8":{"loc":{"start":{"line":36,"column":20},"end":{"line":36,"column":53}},"type":"binary-expr","locations":[{"start":{"line":36,"column":20},"end":{"line":36,"column":40}},{"start":{"line":36,"column":44},"end":{"line":36,"column":53}}]},"9":{"loc":{"start":{"line":41,"column":4},"end":{"line":41,"column":42}},"type":"if","locations":[{"start":{"line":41,"column":4},"end":{"line":41,"column":42}}]},"10":{"loc":{"start":{"line":43,"column":4},"end":{"line":46,"column":5}},"type":"if","locations":[{"start":{"line":43,"column":4},"end":{"line":46,"column":5}}]}},"s":{"0":2,"1":9,"2":9,"3":9,"4":9,"5":29,"6":29,"7":11,"8":18,"9":8,"10":8,"11":8,"12":8,"13":8,"14":8,"15":6,"16":8,"17":8,"18":10,"19":2,"20":8,"21":8,"22":8,"23":9},"f":{"0":9},"b":{"0":[11],"1":[29,26],"2":[8],"3":[7,1],"4":[7,1],"5":[8,7],"6":[8,7],"7":[8,7],"8":[8,5],"9":[2],"10":[8]}}
,"/home/kiryl/workspace/claude/code/xplatform/iptv-player/packages/core/src/parsers/xmltv.ts": {"path":"/home/kiryl/workspace/claude/code/xplatform/iptv-player/packages/core/src/parsers/xmltv.ts","statementMap":{"0":{"start":{"line":71,"column":0},"end":{"line":71,"column":16}},"1":{"start":{"line":1,"column":0},"end":{"line":1,"column":44}},"2":{"start":{"line":23,"column":17},"end":{"line":23,"column":101}},"3":{"start":{"line":24,"column":2},"end":{"line":27,"column":3}},"4":{"start":{"line":25,"column":54},"end":{"line":25,"column":60}},"5":{"start":{"line":26,"column":4},"end":{"line":26,"column":78}},"6":{"start":{"line":28,"column":15},"end":{"line":28,"column":76}},"7":{"start":{"line":29,"column":2},"end":{"line":32,"column":3}},"8":{"start":{"line":30,"column":38},"end":{"line":30,"column":42}},"9":{"start":{"line":31,"column":4},"end":{"line":31,"column":59}},"10":{"start":{"line":33,"column":2},"end":{"line":33,"column":48}},"11":{"start":{"line":37,"column":2},"end":{"line":37,"column":38}},"12":{"start":{"line":37,"column":29},"end":{"line":37,"column":38}},"13":{"start":{"line":38,"column":2},"end":{"line":38,"column":72}},"14":{"start":{"line":38,"column":55},"end":{"line":38,"column":72}},"15":{"start":{"line":39,"column":2},"end":{"line":41,"column":3}},"16":{"start":{"line":40,"column":4},"end":{"line":40,"column":65}},"17":{"start":{"line":42,"column":2},"end":{"line":42,"column":12}},"18":{"start":{"line":46,"column":2},"end":{"line":46,"column":27}},"19":{"start":{"line":46,"column":17},"end":{"line":46,"column":27}},"20":{"start":{"line":47,"column":2},"end":{"line":47,"column":36}},"21":{"start":{"line":72,"column":17},"end":{"line":81,"column":4}},"22":{"start":{"line":78,"column":6},"end":{"line":78,"column":72}},"23":{"start":{"line":84,"column":14},"end":{"line":84,"column":62}},"24":{"start":{"line":85,"column":14},"end":{"line":85,"column":29}},"25":{"start":{"line":87,"column":35},"end":{"line":98,"column":4}},"26":{"start":{"line":88,"column":18},"end":{"line":88,"column":45}},"27":{"start":{"line":89,"column":18},"end":{"line":89,"column":34}},"28":{"start":{"line":90,"column":20},"end":{"line":92,"column":17}},"29":{"start":{"line":93,"column":4},"end":{"line":97,"column":6}},"30":{"start":{"line":100,"column":39},"end":{"line":109,"column":4}},"31":{"start":{"line":101,"column":20},"end":{"line":101,"column":74}},"32":{"start":{"line":102,"column":4},"end":{"line":108,"column":6}},"33":{"start":{"line":111,"column":2},"end":{"line":111,"column":34}}},"fnMap":{"0":{"name":"parseXmltvDate","decl":{"start":{"line":22,"column":9},"end":{"line":22,"column":23}},"loc":{"start":{"line":22,"column":33},"end":{"line":34,"column":1}}},"1":{"name":"textContent","decl":{"start":{"line":36,"column":9},"end":{"line":36,"column":20}},"loc":{"start":{"line":36,"column":31},"end":{"line":43,"column":1}}},"2":{"name":"asArray","decl":{"start":{"line":45,"column":9},"end":{"line":45,"column":16}},"loc":{"start":{"line":45,"column":27},"end":{"line":48,"column":1}}},"3":{"name":"parseXmltv","decl":{"start":{"line":71,"column":16},"end":{"line":71,"column":26}},"loc":{"start":{"line":71,"column":42},"end":{"line":112,"column":1}}},"4":{"name":"(anonymous_4)","decl":{"start":{"line":77,"column":13},"end":{"line":77,"column":14}},"loc":{"start":{"line":78,"column":6},"end":{"line":78,"column":72}}},"5":{"name":"(anonymous_5)","decl":{"start":{"line":87,"column":58},"end":{"line":87,"column":59}},"loc":{"start":{"line":87,"column":65},"end":{"line":98,"column":3}}},"6":{"name":"(anonymous_6)","decl":{"start":{"line":100,"column":64},"end":{"line":100,"column":65}},"loc":{"start":{"line":100,"column":73},"end":{"line":109,"column":3}}}},"branchMap":{"0":{"loc":{"start":{"line":24,"column":2},"end":{"line":27,"column":3}},"type":"if","locations":[{"start":{"line":24,"column":2},"end":{"line":27,"column":3}}]},"1":{"loc":{"start":{"line":29,"column":2},"end":{"line":32,"column":3}},"type":"if","locations":[{"start":{"line":29,"column":2},"end":{"line":32,"column":3}}]},"2":{"loc":{"start":{"line":37,"column":2},"end":{"line":37,"column":38}},"type":"if","locations":[{"start":{"line":37,"column":2},"end":{"line":37,"column":38}}]},"3":{"loc":{"start":{"line":38,"column":2},"end":{"line":38,"column":72}},"type":"if","locations":[{"start":{"line":38,"column":2},"end":{"line":38,"column":72}}]},"4":{"loc":{"start":{"line":38,"column":6},"end":{"line":38,"column":53}},"type":"binary-expr","locations":[{"start":{"line":38,"column":6},"end":{"line":38,"column":27}},{"start":{"line":38,"column":31},"end":{"line":38,"column":53}}]},"5":{"loc":{"start":{"line":39,"column":2},"end":{"line":41,"column":3}},"type":"if","locations":[{"start":{"line":39,"column":2},"end":{"line":41,"column":3}}]},"6":{"loc":{"start":{"line":39,"column":6},"end":{"line":39,"column":85}},"type":"binary-expr","locations":[{"start":{"line":39,"column":6},"end":{"line":39,"column":15}},{"start":{"line":39,"column":19},"end":{"line":39,"column":40}},{"start":{"line":39,"column":44},"end":{"line":39,"column":85}}]},"7":{"loc":{"start":{"line":40,"column":19},"end":{"line":40,"column":63}},"type":"binary-expr","locations":[{"start":{"line":40,"column":19},"end":{"line":40,"column":57}},{"start":{"line":40,"column":61},"end":{"line":40,"column":63}}]},"8":{"loc":{"start":{"line":46,"column":2},"end":{"line":46,"column":27}},"type":"if","locations":[{"start":{"line":46,"column":2},"end":{"line":46,"column":27}}]},"9":{"loc":{"start":{"line":47,"column":9},"end":{"line":47,"column":35}},"type":"cond-expr","locations":[{"start":{"line":47,"column":28},"end":{"line":47,"column":29}},{"start":{"line":47,"column":32},"end":{"line":47,"column":35}}]},"10":{"loc":{"start":{"line":85,"column":14},"end":{"line":85,"column":29}},"type":"binary-expr","locations":[{"start":{"line":85,"column":14},"end":{"line":85,"column":23}},{"start":{"line":85,"column":27},"end":{"line":85,"column":29}}]},"11":{"loc":{"start":{"line":87,"column":36},"end":{"line":87,"column":52}},"type":"binary-expr","locations":[{"start":{"line":87,"column":36},"end":{"line":87,"column":46}},{"start":{"line":87,"column":50},"end":{"line":87,"column":52}}]},"12":{"loc":{"start":{"line":90,"column":20},"end":{"line":92,"column":17}},"type":"cond-expr","locations":[{"start":{"line":91,"column":9},"end":{"line":91,"column":54}},{"start":{"line":92,"column":8},"end":{"line":92,"column":17}}]},"13":{"loc":{"start":{"line":95,"column":19},"end":{"line":95,"column":64}},"type":"cond-expr","locations":[{"start":{"line":95,"column":38},"end":{"line":95,"column":59}},{"start":{"line":95,"column":62},"end":{"line":95,"column":64}}]},"14":{"loc":{"start":{"line":96,"column":15},"end":{"line":96,"column":64}},"type":"cond-expr","locations":[{"start":{"line":96,"column":45},"end":{"line":96,"column":52}},{"start":{"line":96,"column":55},"end":{"line":96,"column":64}}]},"15":{"loc":{"start":{"line":100,"column":40},"end":{"line":100,"column":58}},"type":"binary-expr","locations":[{"start":{"line":100,"column":40},"end":{"line":100,"column":52}},{"start":{"line":100,"column":56},"end":{"line":100,"column":58}}]},"16":{"loc":{"start":{"line":101,"column":20},"end":{"line":101,"column":74}},"type":"cond-expr","locations":[{"start":{"line":101,"column":40},"end":{"line":101,"column":62}},{"start":{"line":101,"column":65},"end":{"line":101,"column":74}}]},"17":{"loc":{"start":{"line":107,"column":19},"end":{"line":107,"column":55}},"type":"cond-expr","locations":[{"start":{"line":107,"column":36},"end":{"line":107,"column":43}},{"start":{"line":107,"column":46},"end":{"line":107,"column":55}}]}},"s":{"0":2,"1":2,"2":39,"3":39,"4":36,"5":36,"6":3,"7":3,"8":2,"9":2,"10":1,"11":48,"12":46,"13":2,"14":1,"15":1,"16":1,"17":0,"18":42,"19":14,"20":28,"21":15,"22":208,"23":15,"24":15,"25":15,"26":21,"27":21,"28":21,"29":21,"30":15,"31":20,"32":20,"33":14},"f":{"0":39,"1":48,"2":42,"3":15,"4":208,"5":21,"6":20},"b":{"0":[36],"1":[2],"2":[46],"3":[1],"4":[2,1],"5":[1],"6":[1,1,1],"7":[1,0],"8":[14],"9":[28,0],"10":[15,0],"11":[15,1],"12":[7,14],"13":[21,0],"14":[7,14],"15":[15,2],"16":[8,12],"17":[19,0]}}
,"/home/kiryl/workspace/claude/code/xplatform/iptv-player/packages/core/src/parsers/xtream.ts": {"path":"/home/kiryl/workspace/claude/code/xplatform/iptv-player/packages/core/src/parsers/xtream.ts","statementMap":{"0":{"start":{"line":69,"column":17},"end":{"line":69,"column":46}},"1":{"start":{"line":70,"column":4},"end":{"line":70,"column":138}},"2":{"start":{"line":71,"column":4},"end":{"line":71,"column":73}},"3":{"start":{"line":75,"column":16},"end":{"line":75,"column":56}},"4":{"start":{"line":76,"column":4},"end":{"line":76,"column":68}},"5":{"start":{"line":76,"column":17},"end":{"line":76,"column":68}},"6":{"start":{"line":77,"column":4},"end":{"line":77,"column":36}},"7":{"start":{"line":81,"column":16},"end":{"line":81,"column":75}},"8":{"start":{"line":82,"column":4},"end":{"line":86,"column":8}},"9":{"start":{"line":82,"column":27},"end":{"line":86,"column":6}},"10":{"start":{"line":90,"column":19},"end":{"line":92,"column":33}},"11":{"start":{"line":93,"column":16},"end":{"line":93,"column":51}},"12":{"start":{"line":94,"column":4},"end":{"line":102,"column":8}},"13":{"start":{"line":94,"column":27},"end":{"line":102,"column":6}},"14":{"start":{"line":106,"column":16},"end":{"line":107,"column":null}},"15":{"start":{"line":109,"column":4},"end":{"line":116,"column":8}},"16":{"start":{"line":109,"column":40},"end":{"line":116,"column":6}},"17":{"start":{"line":64,"column":0},"end":{"line":64,"column":13}}},"fnMap":{"0":{"name":"(anonymous_0)","decl":{"start":{"line":68,"column":2},"end":{"line":68,"column":14}},"loc":{"start":{"line":68,"column":38},"end":{"line":72,"column":3}}},"1":{"name":"(anonymous_1)","decl":{"start":{"line":74,"column":10},"end":{"line":74,"column":15}},"loc":{"start":{"line":74,"column":37},"end":{"line":78,"column":3}}},"2":{"name":"(anonymous_2)","decl":{"start":{"line":80,"column":2},"end":{"line":80,"column":7}},"loc":{"start":{"line":80,"column":25},"end":{"line":87,"column":3}}},"3":{"name":"(anonymous_3)","decl":{"start":{"line":82,"column":19},"end":{"line":82,"column":20}},"loc":{"start":{"line":82,"column":27},"end":{"line":86,"column":6}}},"4":{"name":"(anonymous_4)","decl":{"start":{"line":89,"column":2},"end":{"line":89,"column":7}},"loc":{"start":{"line":89,"column":42},"end":{"line":103,"column":3}}},"5":{"name":"(anonymous_5)","decl":{"start":{"line":94,"column":19},"end":{"line":94,"column":20}},"loc":{"start":{"line":94,"column":27},"end":{"line":102,"column":6}}},"6":{"name":"(anonymous_6)","decl":{"start":{"line":105,"column":2},"end":{"line":105,"column":7}},"loc":{"start":{"line":105,"column":47},"end":{"line":117,"column":3}}},"7":{"name":"(anonymous_7)","decl":{"start":{"line":109,"column":32},"end":{"line":109,"column":33}},"loc":{"start":{"line":109,"column":40},"end":{"line":116,"column":6}}}},"branchMap":{"0":{"loc":{"start":{"line":76,"column":4},"end":{"line":76,"column":68}},"type":"if","locations":[{"start":{"line":76,"column":4},"end":{"line":76,"column":68}}]},"1":{"loc":{"start":{"line":90,"column":19},"end":{"line":92,"column":33}},"type":"cond-expr","locations":[{"start":{"line":91,"column":8},"end":{"line":91,"column":59}},{"start":{"line":92,"column":8},"end":{"line":92,"column":33}}]},"2":{"loc":{"start":{"line":99,"column":20},"end":{"line":99,"column":49}},"type":"binary-expr","locations":[{"start":{"line":99,"column":20},"end":{"line":99,"column":36}},{"start":{"line":99,"column":40},"end":{"line":99,"column":49}}]},"3":{"loc":{"start":{"line":105,"column":38},"end":{"line":105,"column":47}},"type":"default-arg","locations":[{"start":{"line":105,"column":46},"end":{"line":105,"column":47}}]}},"s":{"0":7,"1":7,"2":7,"3":7,"4":7,"5":1,"6":6,"7":2,"8":1,"9":2,"10":3,"11":3,"12":3,"13":2,"14":2,"15":2,"16":1,"17":2},"f":{"0":7,"1":7,"2":2,"3":2,"4":3,"5":2,"6":2,"7":1},"b":{"0":[1],"1":[1,2],"2":[2,1],"3":[1]}}
,"/home/kiryl/workspace/claude/code/xplatform/iptv-player/packages/core/src/playback/bufferProfile.ts": {"path":"/home/kiryl/workspace/claude/code/xplatform/iptv-player/packages/core/src/playback/bufferProfile.ts","statementMap":{"0":{"start":{"line":66,"column":0},"end":{"line":66,"column":16}},"1":{"start":{"line":45,"column":4},"end":{"line":61,"column":2}},"2":{"start":{"line":70,"column":17},"end":{"line":70,"column":85}},"3":{"start":{"line":71,"column":37},"end":{"line":71,"column":84}},"4":{"start":{"line":73,"column":2},"end":{"line":81,"column":3}},"5":{"start":{"line":76,"column":6},"end":{"line":76,"column":73}},"6":{"start":{"line":78,"column":6},"end":{"line":78,"column":88}},"7":{"start":{"line":80,"column":6},"end":{"line":80,"column":73}}},"fnMap":{"0":{"name":"toPlatformParams","decl":{"start":{"line":66,"column":16},"end":{"line":66,"column":32}},"loc":{"start":{"line":68,"column":20},"end":{"line":82,"column":1}}}},"branchMap":{"0":{"loc":{"start":{"line":70,"column":17},"end":{"line":70,"column":85}},"type":"cond-expr","locations":[{"start":{"line":70,"column":45},"end":{"line":70,"column":61}},{"start":{"line":70,"column":64},"end":{"line":70,"column":85}}]},"1":{"loc":{"start":{"line":71,"column":37},"end":{"line":71,"column":84}},"type":"cond-expr","locations":[{"start":{"line":71,"column":65},"end":{"line":71,"column":79}},{"start":{"line":71,"column":82},"end":{"line":71,"column":84}}]},"2":{"loc":{"start":{"line":73,"column":2},"end":{"line":81,"column":3}},"type":"switch","locations":[{"start":{"line":74,"column":4},"end":{"line":76,"column":73}},{"start":{"line":77,"column":4},"end":{"line":78,"column":88}},{"start":{"line":79,"column":4},"end":{"line":80,"column":73}}]},"3":{"loc":{"start":{"line":76,"column":34},"end":{"line":76,"column":50}},"type":"binary-expr","locations":[{"start":{"line":76,"column":34},"end":{"line":76,"column":44}},{"start":{"line":76,"column":48},"end":{"line":76,"column":50}}]},"4":{"loc":{"start":{"line":78,"column":39},"end":{"line":78,"column":60}},"type":"binary-expr","locations":[{"start":{"line":78,"column":39},"end":{"line":78,"column":54}},{"start":{"line":78,"column":58},"end":{"line":78,"column":60}}]},"5":{"loc":{"start":{"line":80,"column":34},"end":{"line":80,"column":50}},"type":"binary-expr","locations":[{"start":{"line":80,"column":34},"end":{"line":80,"column":44}},{"start":{"line":80,"column":48},"end":{"line":80,"column":50}}]}},"s":{"0":3,"1":3,"2":15,"3":15,"4":15,"5":5,"6":4,"7":6},"f":{"0":15},"b":{"0":[4,11],"1":[4,11],"2":[5,4,6],"3":[5,4],"4":[4,4],"5":[6,4]}}
,"/home/kiryl/workspace/claude/code/xplatform/iptv-player/packages/core/src/playback/resilienceConfig.ts": {"path":"/home/kiryl/workspace/claude/code/xplatform/iptv-player/packages/core/src/playback/resilienceConfig.ts","statementMap":{"0":{"start":{"line":17,"column":0},"end":{"line":17,"column":16}},"1":{"start":{"line":18,"column":2},"end":{"line":18,"column":76}}},"fnMap":{"0":{"name":"getRetryDelay","decl":{"start":{"line":17,"column":16},"end":{"line":17,"column":29}},"loc":{"start":{"line":17,"column":69},"end":{"line":19,"column":1}}}},"branchMap":{"0":{"loc":{"start":{"line":17,"column":50},"end":{"line":17,"column":69}},"type":"default-arg","locations":[{"start":{"line":17,"column":63},"end":{"line":17,"column":69}}]}},"s":{"0":2,"1":10},"f":{"0":10},"b":{"0":[8]}}
,"/home/kiryl/workspace/claude/code/xplatform/iptv-player/packages/core/src/settings/appSettings.ts": {"path":"/home/kiryl/workspace/claude/code/xplatform/iptv-player/packages/core/src/settings/appSettings.ts","statementMap":{"0":{"start":{"line":23,"column":0},"end":{"line":23,"column":16}},"1":{"start":{"line":14,"column":13},"end":{"line":21,"column":2}},"2":{"start":{"line":24,"column":13},"end":{"line":24,"column":68}},"3":{"start":{"line":25,"column":2},"end":{"line":29,"column":4}}},"fnMap":{"0":{"name":"mergeSettings","decl":{"start":{"line":23,"column":16},"end":{"line":23,"column":29}},"loc":{"start":{"line":23,"column":59},"end":{"line":30,"column":1}}}},"branchMap":{"0":{"loc":{"start":{"line":24,"column":13},"end":{"line":24,"column":68}},"type":"binary-expr","locations":[{"start":{"line":24,"column":13},"end":{"line":24,"column":34}},{"start":{"line":24,"column":38},"end":{"line":24,"column":68}}]}},"s":{"0":2,"1":2,"2":8,"3":8},"f":{"0":8},"b":{"0":[8,5]}}
}
