TN:
SF:packages/core/src/index.ts
FN:3,(anonymous_0)
FN:6,(anonymous_1)
FN:9,(anonymous_2)
FN:13,(anonymous_3)
FN:15,(anonymous_4)
FN:17,(anonymous_5)
FN:20,(anonymous_6)
FN:20,(anonymous_7)
FN:33,(anonymous_8)
FN:36,(anonymous_9)
FN:40,(anonymous_10)
FN:40,(anonymous_11)
FNF:12
FNH:0
FNDA:0,(anonymous_0)
FNDA:0,(anonymous_1)
FNDA:0,(anonymous_2)
FNDA:0,(anonymous_3)
FNDA:0,(anonymous_4)
FNDA:0,(anonymous_5)
FNDA:0,(anonymous_6)
FNDA:0,(anonymous_7)
FNDA:0,(anonymous_8)
FNDA:0,(anonymous_9)
FNDA:0,(anonymous_10)
FNDA:0,(anonymous_11)
DA:3,1
DA:6,1
DA:9,1
DA:13,1
DA:15,1
DA:17,1
DA:20,1
DA:33,1
DA:36,1
DA:40,1
LF:10
LH:10
BRF:0
BRH:0
end_of_record
TN:
SF:packages/core/src/epg/cache.ts
FN:17,serializeEpg
FN:21,(anonymous_1)
FN:31,deserializeEpg
FN:32,(anonymous_3)
FNF:4
FNH:4
FNDA:6,serializeEpg
FNDA:12,(anonymous_1)
FNDA:4,deserializeEpg
FNDA:8,(anonymous_3)
DA:17,2
DA:18,6
DA:21,12
DA:31,2
DA:32,8
DA:39,4
LF:6
LH:6
BRDA:17,0,0,6
BRF:1
BRH:1
end_of_record
TN:
SF:packages/core/src/epg/favouriteMatcher.ts
FN:10,matchFavouriteUrls
FN:18,(anonymous_1)
FN:52,normalizeName
FNF:3
FNH:3
FNDA:12,matchFavouriteUrls
FNDA:42,(anonymous_1)
FNDA:48,normalizeName
DA:10,2
DA:15,12
DA:18,42
DA:21,12
DA:22,12
DA:23,42
DA:24,42
DA:25,41
DA:29,12
DA:30,13
DA:33,13
DA:34,7
DA:35,7
DA:39,6
DA:40,6
DA:41,6
DA:42,6
DA:43,6
DA:44,4
DA:49,12
DA:53,48
LF:21
LH:21
BRDA:24,0,0,41
BRDA:33,1,0,7
BRDA:39,2,0,6
BRDA:39,2,1,0
BRDA:40,3,0,6
BRDA:43,4,0,4
BRF:6
BRH:5
end_of_record
TN:
SF:packages/core/src/epg/mapper.ts
FN:12,normalizeName
FN:17,levenshtein
FN:22,(anonymous_2)
FN:46,buildEpgMapping
FN:53,(anonymous_4)
FN:54,(anonymous_5)
FNF:6
FNH:6
FNDA:35,normalizeName
FNDA:7,levenshtein
FNDA:88,(anonymous_2)
FNDA:12,buildEpgMapping
FNDA:26,(anonymous_4)
FNDA:26,(anonymous_5)
DA:13,35
DA:18,7
DA:19,7
DA:20,7
DA:22,88
DA:24,7
DA:25,113
DA:26,113
DA:28,1311
DA:31,1311
DA:32,1311
DA:34,113
DA:37,7
DA:46,2
DA:50,12
DA:51,12
DA:53,26
DA:54,26
DA:56,11
DA:58,10
DA:59,1
DA:60,1
DA:64,9
DA:65,9
DA:66,9
DA:67,6
DA:68,6
DA:72,3
DA:73,3
DA:74,7
DA:75,7
DA:76,2
DA:79,3
DA:80,2
DA:84,11
LF:35
LH:35
BRDA:18,0,0,0
BRDA:19,1,0,0
BRDA:20,2,0,0
BRDA:28,3,0,111
BRDA:28,3,1,1200
BRDA:51,4,0,1
BRDA:58,5,0,1
BRDA:58,6,0,10
BRDA:58,6,1,2
BRDA:66,7,0,6
BRDA:75,8,0,2
BRDA:75,9,0,7
BRDA:75,9,1,2
BRDA:75,9,2,0
BRDA:79,10,0,2
BRF:15
BRH:11
end_of_record
TN:
SF:packages/core/src/epg/types.ts
FN:25,getNowNext
FN:31,(anonymous_1)
FN:33,(anonymous_2)
FN:35,(anonymous_3)
FN:37,(anonymous_4)
FN:38,(anonymous_5)
FNF:6
FNH:6
FNDA:7,getNowNext
FNDA:28,(anonymous_1)
FNDA:10,(anonymous_2)
FNDA:14,(anonymous_3)
FNDA:6,(anonymous_4)
FNDA:5,(anonymous_5)
DA:25,2
DA:30,7
DA:31,28
DA:33,10
DA:35,14
DA:36,7
DA:37,6
DA:38,5
DA:40,7
LF:9
LH:9
BRDA:28,0,0,1
BRDA:35,1,0,14
BRDA:35,1,1,8
BRDA:36,2,0,3
BRDA:36,2,1,4
BRF:5
BRH:5
end_of_record
TN:
SF:packages/core/src/parsers/m3u.ts
FN:10,parseM3u
FNF:1
FNH:1
FNDA:9,parseM3u
DA:10,2
DA:11,9
DA:12,9
DA:13,9
DA:15,9
DA:16,29
DA:17,29
DA:19,18
DA:20,8
DA:21,8
DA:22,8
DA:24,8
DA:25,8
DA:27,8
DA:28,6
DA:31,8
DA:38,8
DA:41,10
DA:43,8
DA:44,8
DA:45,8
DA:49,9
LF:22
LH:22
BRDA:17,0,0,11
BRDA:17,1,0,29
BRDA:17,1,1,26
BRDA:19,2,0,8
BRDA:21,3,0,7
BRDA:21,3,1,1
BRDA:22,4,0,7
BRDA:22,4,1,1
BRDA:33,5,0,8
BRDA:33,5,1,7
BRDA:34,6,0,8
BRDA:34,6,1,7
BRDA:35,7,0,8
BRDA:35,7,1,7
BRDA:36,8,0,8
BRDA:36,8,1,5
BRDA:41,9,0,2
BRDA:43,10,0,8
BRF:18
BRH:18
end_of_record
TN:
SF:packages/core/src/parsers/xmltv.ts
FN:22,parseXmltvDate
FN:36,textContent
FN:45,asArray
FN:71,parseXmltv
FN:77,(anonymous_4)
FN:87,(anonymous_5)
FN:100,(anonymous_6)
FNF:7
FNH:7
FNDA:39,parseXmltvDate
FNDA:48,textContent
FNDA:42,asArray
FNDA:15,parseXmltv
FNDA:208,(anonymous_4)
FNDA:21,(anonymous_5)
FNDA:20,(anonymous_6)
DA:1,2
DA:23,39
DA:24,39
DA:25,36
DA:26,36
DA:28,3
DA:29,3
DA:30,2
DA:31,2
DA:33,1
DA:37,48
DA:38,2
DA:39,1
DA:40,1
DA:42,0
DA:46,42
DA:47,28
DA:71,2
DA:72,15
DA:78,208
DA:84,15
DA:85,15
DA:87,15
DA:88,21
DA:89,21
DA:90,21
DA:93,21
DA:100,15
DA:101,20
DA:102,20
DA:111,14
LF:31
LH:30
BRDA:24,0,0,36
BRDA:29,1,0,2
BRDA:37,2,0,46
BRDA:38,3,0,1
BRDA:38,4,0,2
BRDA:38,4,1,1
BRDA:39,5,0,1
BRDA:39,6,0,1
BRDA:39,6,1,1
BRDA:39,6,2,1
BRDA:40,7,0,1
BRDA:40,7,1,0
BRDA:46,8,0,14
BRDA:47,9,0,28
BRDA:47,9,1,0
BRDA:85,10,0,15
BRDA:85,10,1,0
BRDA:87,11,0,15
BRDA:87,11,1,1
BRDA:90,12,0,7
BRDA:90,12,1,14
BRDA:95,13,0,21
BRDA:95,13,1,0
BRDA:96,14,0,7
BRDA:96,14,1,14
BRDA:100,15,0,15
BRDA:100,15,1,2
BRDA:101,16,0,8
BRDA:101,16,1,12
BRDA:107,17,0,19
BRDA:107,17,1,0
BRF:31
BRH:26
end_of_record
TN:
SF:packages/core/src/parsers/xtream.ts
FN:68,(anonymous_0)
FN:74,(anonymous_1)
FN:80,(anonymous_2)
FN:82,(anonymous_3)
FN:89,(anonymous_4)
FN:94,(anonymous_5)
FN:105,(anonymous_6)
FN:109,(anonymous_7)
FNF:8
FNH:8
FNDA:7,(anonymous_0)
FNDA:7,(anonymous_1)
FNDA:2,(anonymous_2)
FNDA:2,(anonymous_3)
FNDA:3,(anonymous_4)
FNDA:2,(anonymous_5)
FNDA:2,(anonymous_6)
FNDA:1,(anonymous_7)
DA:64,2
DA:69,7
DA:70,7
DA:71,7
DA:75,7
DA:76,7
DA:77,6
DA:81,2
DA:82,2
DA:90,3
DA:93,3
DA:94,3
DA:106,2
DA:109,2
LF:14
LH:14
BRDA:76,0,0,1
BRDA:90,1,0,1
BRDA:90,1,1,2
BRDA:99,2,0,2
BRDA:99,2,1,1
BRDA:105,3,0,1
BRF:6
BRH:6
end_of_record
TN:
SF:packages/core/src/playback/bufferProfile.ts
FN:66,toPlatformParams
FNF:1
FNH:1
FNDA:15,toPlatformParams
DA:45,3
DA:66,3
DA:70,15
DA:71,15
DA:73,15
DA:76,5
DA:78,4
DA:80,6
LF:8
LH:8
BRDA:70,0,0,4
BRDA:70,0,1,11
BRDA:71,1,0,4
BRDA:71,1,1,11
BRDA:73,2,0,5
BRDA:73,2,1,4
BRDA:73,2,2,6
BRDA:76,3,0,5
BRDA:76,3,1,4
BRDA:78,4,0,4
BRDA:78,4,1,4
BRDA:80,5,0,6
BRDA:80,5,1,4
BRF:13
BRH:13
end_of_record
TN:
SF:packages/core/src/playback/resilienceConfig.ts
FN:17,getRetryDelay
FNF:1
FNH:1
FNDA:10,getRetryDelay
DA:17,2
DA:18,10
LF:2
LH:2
BRDA:17,0,0,8
BRF:1
BRH:1
end_of_record
TN:
SF:packages/core/src/settings/appSettings.ts
FN:23,mergeSettings
FNF:1
FNH:1
FNDA:8,mergeSettings
DA:14,2
DA:23,2
DA:24,8
DA:25,8
LF:4
LH:4
BRDA:24,0,0,8
BRDA:24,0,1,5
BRF:2
BRH:2
end_of_record
